


ARM Macro Assembler    Page 1 


    1 00000000                 AREA             ARMex, CODE, READONLY
    2 00000000         
    3 00000000         Main
    4 00000000         ;STMFD sp!,{r1-r12,lr}
    5 00000000 E59F0064        LDR              r0,=Value1  ;call the arry poin
                                                            ter
    6 00000004 E59F105C        LDR              r1,Address1 ;point start addres
                                                            s
    7 00000008 E3A06006        MOV              r6,#6       ;size of array
    8 0000000C         Loop
    9 0000000C E4902004        LDR              r2,[r0],#4
   10 00000010 E3520000        CMP              r2,#0
   11 00000014         
   12 00000014 A0030292        MULGE            r3,r2,r2
   13 00000018 A0040393        MULGE            r4,r3,r3
   14 0000001C A0070293        MULGE            r7,r3,r2
   15 00000020 A0080294        MULGE            r8,r4,r2
   16 00000024 A0482007        SUBGE            r2,r8,r7
   17 00000028 B0030292        MULLT            r3,r2,r2
   18 0000002C B0040393        MULLT            r4,r3,r3
   19 00000030 B0070493        MULLT            r7,r3,r4
   20 00000034 B0872004        ADDLT            r2,r7,r4
   21 00000038         
   22 00000038 E4812004        STR              r2,[r1],#4
   23 0000003C E2855001        ADD              r5,r5,#1
   24 00000040 E1550006        CMP              r5,r6
   25 00000044 0A000000        BEQ              Endline
   26 00000048 EAFFFFEF        B                Loop
   27 0000004C         
   28 0000004C         Endline
   29 0000004C         ;LDMFD sp!,{r1-r12,pc}
   30 0000004C E1A0F00E        MOV              pc,lr       ;
   31 00000050         
   32 00000050 00000003 
              00000002 
              FFFFFFFD 
              FFFFFFFE 
              0000000A 
              00000000 Value1  DCD              3,2,-3,-2,10,0
   33 00000068 40000000 
                       Address1
                               DCD              &40000000
   34 0000006C         
   35 0000006C         END
                       
              00000000 
Command Line: --debug --xref --cpu=ARM9E --apcs=interwork --depend=.\example01.
d -o.\example01.o -IC:\Keil\ARM\RV31\INC -IC:\Keil\ARM\CMSIS\Include --predefin
e="__EVAL SETA 1" --list=.\example01.lst example01.s



ARM Macro Assembler    Page 1 Alphabetic symbol ordering
Relocatable symbols

ARMex 00000000

Symbol: ARMex
   Definitions
      At line 1 in file example01.s
   Uses
      None
Comment: ARMex unused
Address1 00000068

Symbol: Address1
   Definitions
      At line 33 in file example01.s
   Uses
      At line 6 in file example01.s
Comment: Address1 used once
END 0000006C

Symbol: END
   Definitions
      At line 35 in file example01.s
   Uses
      None
Comment: END unused
Endline 0000004C

Symbol: Endline
   Definitions
      At line 28 in file example01.s
   Uses
      At line 25 in file example01.s
Comment: Endline used once
Loop 0000000C

Symbol: Loop
   Definitions
      At line 8 in file example01.s
   Uses
      At line 26 in file example01.s
Comment: Loop used once
Main 00000000

Symbol: Main
   Definitions
      At line 3 in file example01.s
   Uses
      None
Comment: Main unused
Value1 00000050

Symbol: Value1
   Definitions
      At line 32 in file example01.s
   Uses
      At line 5 in file example01.s
Comment: Value1 used once
7 symbols
340 symbols in table
