


ARM Macro Assembler    Page 1 


    1 00000000                 AREA             Problem03_2, CODE, READONLY
    2 00000000         
    3 00000000         Main
    4 00000000 E59F0014        LDR              r0,Address1 ;point start addres
                                                            s
    5 00000004 E3A0100A        MOV              r1,#10      ;r1=10
    6 00000008         
    7 00000008 E2812001        ADD              r2,r1,#1    ;r2=r1+1
    8 0000000C E0030192        MUL              r3,r2,r1    ;r3=r2*r1
    9 00000010 E1A030A3        LSR              r3,#1       ;r3/2
   10 00000014         
   11 00000014 E5803000        STR              r3,[r0]     ;r0=r3
   12 00000018 E3A0F000        MOV              pc,#0       ;
   13 0000001C         
   14 0000001C 00040000 
                       Address1
                               DCD              &00040000   ;Address1=0x0004000
                                                            0
   15 00000020         
   16 00000020         END                                  ;End of file
                       
Command Line: --debug --xref --cpu=ARM9E --apcs=interwork --depend=.\problem03-
2.d -o.\problem03-2.o -IC:\Keil\ARM\RV31\INC -IC:\Keil\ARM\CMSIS\Include --pred
efine="__EVAL SETA 1" --list=.\problem03-2.lst problem03-2.s



ARM Macro Assembler    Page 1 Alphabetic symbol ordering
Relocatable symbols

Address1 0000001C

Symbol: Address1
   Definitions
      At line 14 in file problem03-2.s
   Uses
      At line 4 in file problem03-2.s
Comment: Address1 used once
END 00000020

Symbol: END
   Definitions
      At line 16 in file problem03-2.s
   Uses
      None
Comment: END unused
Main 00000000

Symbol: Main
   Definitions
      At line 3 in file problem03-2.s
   Uses
      None
Comment: Main unused
Problem03_2 00000000

Symbol: Problem03_2
   Definitions
      At line 1 in file problem03-2.s
   Uses
      None
Comment: Problem03_2 unused
4 symbols
335 symbols in table
