


ARM Macro Assembler    Page 1 


    1 00000000                 AREA             Problem03_3, CODE, READONLY
    2 00000000         
    3 00000000         Main
    4 00000000 E59F0050        LDR              r0,Address1 ;point start addres
                                                            s
    5 00000004 E3A01002        MOV              r1,#2       ;r1=2
    6 00000008 E3A02001        MOV              r2,#1       ;r2=1
    7 0000000C         
    8 0000000C E0822001        ADD              r2,r2,r1    ;r2=1+2
    9 00000010 E2811001        ADD              r1,r1,#1    ;r1++
   10 00000014 E0822001        ADD              r2,r2,r1    ;r2=r2+3
   11 00000018 E2811001        ADD              r1,r1,#1    ;r1++
   12 0000001C E0822001        ADD              r2,r2,r1    ;r2=r2+4
   13 00000020 E2811001        ADD              r1,r1,#1    ;r1++
   14 00000024 E0822001        ADD              r2,r2,r1    ;r2=r2+5
   15 00000028 E2811001        ADD              r1,r1,#1    ;r1++
   16 0000002C E0822001        ADD              r2,r2,r1    ;r2=r2+6
   17 00000030 E2811001        ADD              r1,r1,#1    ;r1++
   18 00000034 E0822001        ADD              r2,r2,r1    ;r2=r2+7
   19 00000038 E2811001        ADD              r1,r1,#1    ;r1++
   20 0000003C E0822001        ADD              r2,r2,r1    ;r2=r2+8
   21 00000040 E2811001        ADD              r1,r1,#1    ;r1++
   22 00000044 E0822001        ADD              r2,r2,r1    ;r2=r2+9
   23 00000048 E2811001        ADD              r1,r1,#1    ;r1++
   24 0000004C E0822001        ADD              r2,r2,r1    ;r2=r2+10
   25 00000050         
   26 00000050 E5802000        STR              r2,[r0]     ;r0=r2
   27 00000054 E3A0F000        MOV              pc,#0       ;
   28 00000058         
   29 00000058 00040000 
                       Address1
                               DCD              &00040000   ;Address1=0x0004000
                                                            0
   30 0000005C         
   31 0000005C         END                                  ;End of file
                       
Command Line: --debug --xref --cpu=ARM9E --apcs=interwork --depend=.\problem03-
3.d -o.\problem03-3.o -IC:\Keil\ARM\RV31\INC -IC:\Keil\ARM\CMSIS\Include --pred
efine="__EVAL SETA 1" --list=.\problem03-3.lst problem03-3.s



ARM Macro Assembler    Page 1 Alphabetic symbol ordering
Relocatable symbols

Address1 00000058

Symbol: Address1
   Definitions
      At line 29 in file problem03-3.s
   Uses
      At line 4 in file problem03-3.s
Comment: Address1 used once
END 0000005C

Symbol: END
   Definitions
      At line 31 in file problem03-3.s
   Uses
      None
Comment: END unused
Main 00000000

Symbol: Main
   Definitions
      At line 3 in file problem03-3.s
   Uses
      None
Comment: Main unused
Problem03_3 00000000

Symbol: Problem03_3
   Definitions
      At line 1 in file problem03-3.s
   Uses
      None
Comment: Problem03_3 unused
4 symbols
335 symbols in table
