===================================================================================
     Name                     Phone-number             Address                  
===================================================================================

(*)  JaeKwang Ha              800-6547                 45 g-dong

===================================================================================
     Name                     Phone-number             Address                  
===================================================================================

(*)  JaeKwang Ha              800-6547                 45 g-dong

===================================================================================
     Name                     Phone-number             Address                  
===================================================================================

(*)  JaeKwang Ha              800-6547                 45 g-dong
     WooMin Ia                900-7878                 125 z-dong

===================================================================================
     Name                     Phone-number             Address                  
===================================================================================

(*)  JaeKwang Ha              800-6547                 45 g-dong
     WooMin Ia                900-7878                 125 z-dong

===================================================================================
     Name                     Phone-number             Address                  
===================================================================================

     JaeKwang Ha              800-6547                 45 g-dong
(*)  WooMin Ia                900-7878                 125 z-dong
     BoRam Ka                 991-3253                 112 k-dong

===================================================================================
     Name                     Phone-number             Address                  
===================================================================================

     JaeKwang Ha              800-6547                 45 g-dong
(*)  WooMin Ia                900-7878                 125 z-dong
     BoRam Ka                 991-3253                 112 k-dong

===================================================================================
     Name                     Phone-number             Address                  
===================================================================================

     WonGi Ba                 200-4352                 90 i-dong
     JaeKwang Ha              800-6547                 45 g-dong
(*)  WooMin Ia                900-7878                 125 z-dong
     BoRam Ka                 991-3253                 112 k-dong

===================================================================================
     Name                     Phone-number             Address                  
===================================================================================

     WonGi Ba                 200-4352                 90 i-dong
     JaeKwang Ha              800-6547                 45 g-dong
(*)  WooMin Ia                900-7878                 125 z-dong
     BoRam Ka                 991-3253                 112 k-dong

===================================================================================
     Name                     Phone-number             Address                  
===================================================================================

     HongGu Aa                100-5252                 69 e-dong
     WonGi Ba                 200-4352                 90 i-dong
     JaeKwang Ha              800-6547                 45 g-dong
(*)  WooMin Ia                900-7878                 125 z-dong
     BoRam Ka                 991-3253                 112 k-dong

===================================================================================
     Name                     Phone-number             Address                  
===================================================================================

     HongGu Aa                100-5252                 69 e-dong
     WonGi Ba                 200-4352                 90 i-dong
     JaeKwang Ha              800-6547                 45 g-dong
(*)  WooMin Ia                900-7878                 125 z-dong
     BoRam Ka                 991-3253                 112 k-dong

===================================================================================
     Name                     Phone-number             Address                  
===================================================================================

     HongGu Aa                100-5252                 69 e-dong
     WonGi Ba                 200-4352                 90 i-dong
     JaeKwang Ha              800-6547                 45 g-dong
(*)  WooMin Ia                900-7878                 125 z-dong
     BoRam Ka                 991-3253                 112 k-dong
     HongGyu Kl               992-5259                 69 e-dong

===================================================================================
     Name                     Phone-number             Address                  
===================================================================================

     HongGu Aa                100-5252                 69 e-dong
     WonGi Ba                 200-4352                 90 i-dong
     JaeKwang Ha              800-6547                 45 g-dong
(*)  WooMin Ia                900-7878                 125 z-dong
     BoRam Ka                 991-3253                 112 k-dong
     HongGyu Kl               992-5259                 69 e-dong

===================================================================================
     Name                     Phone-number             Address                  
===================================================================================

     HongGu Aa                100-5252                 69 e-dong
     WonGi Ba                 200-4352                 90 i-dong
     JaeKwang Ha              800-6547                 45 g-dong
(*)  WooMin Ia                900-7878                 125 z-dong
     HongGyu Kl               992-5259                 69 e-dong

===================================================================================
     Name                     Phone-number             Address                  
===================================================================================

     HongGu Aa                100-5252                 69 e-dong
     WonGi Ba                 200-4352                 90 i-dong
     JaeKwang Ha              800-6547                 45 g-dong
(*)  WooMin Ia                900-7878                 125 z-dong
     HongGyu Kl               992-5259                 69 e-dong

===================================================================================
     Name                     Phone-number             Address                  
===================================================================================

     HongGu Aa                100-5252                 69 e-dong
     WonGi Ba                 200-4352                 90 i-dong
     HyunGuk Ea               500-7545                 22 a-dong
     JaeKwang Ha              800-6547                 45 g-dong
(*)  WooMin Ia                900-7878                 125 z-dong
     HongGyu Kl               992-5259                 69 e-dong

===================================================================================
     Name                     Phone-number             Address                  
===================================================================================

