


ARM Macro Assembler    Page 1 


    1 00000000                 AREA             ARMex, CODE, READONLY
    2 00000000                 ENTRY
    3 00000000         
    4 00000000         start
    5 00000000 E3A00010        MOV              r0, #16
    6 00000004 E3A0100A        MOV              r1, #10
    7 00000008 E3A02008        MOV              r2, #08
    8 0000000C E3A03022        MOV              r3, #34
    9 00000010         
   10 00000010 E59F400C        LDR              r4, TEMPADDR1
   11 00000014 E4C40002        STRB             r0, [r4], #2
   12 00000018 E4C41002        STRB             r1, [r4], #2
   13 0000001C E4C42002        STRB             r2, [r4], #2
   14 00000020 E5C43000        STRB             r3, [r4]
   15 00000024         
   16 00000024 00001000 
                       TEMPADDR1
                               &                &00001000
   17 00000028         
   18 00000028                 END
Command Line: --debug --xref --cpu=ARM9E --apcs=interwork --depend=.\exercise03
.d -o.\exercise03.o -IC:\Keil\ARM\RV31\INC -IC:\Keil\ARM\CMSIS\Include --predef
ine="__EVAL SETA 1" --list=.\exercise03.lst exercise03.s



ARM Macro Assembler    Page 1 Alphabetic symbol ordering
Relocatable symbols

ARMex 00000000

Symbol: ARMex
   Definitions
      At line 1 in file exercise03.s
   Uses
      None
Comment: ARMex unused
TEMPADDR1 00000024

Symbol: TEMPADDR1
   Definitions
      At line 16 in file exercise03.s
   Uses
      At line 10 in file exercise03.s
Comment: TEMPADDR1 used once
start 00000000

Symbol: start
   Definitions
      At line 4 in file exercise03.s
   Uses
      None
Comment: start unused
3 symbols
334 symbols in table
