


ARM Macro Assembler    Page 1 


    1 00000000                 AREA             Example, CODE, READONLY
    2 00000000         
    3 00000000         Main
    4 00000000         ;STMFD sp!,{r1-r12,lr}
    5 00000000 E59F006C        LDR              r0,=Value1  ;call the arry poin
                                                            ter
    6 00000004 E59F1064        LDR              r1,Address1
    7 00000008 E3A06006        MOV              r6,#6       ;size of array
    8 0000000C         
    9 0000000C         Loop
   10 0000000C E4902004        LDR              r2,[r0],#4
   11 00000010 E3520000        CMP              r2,#0
   12 00000014         
   13 00000014 BA000005        BLT              less
   14 00000018 E0030292        MUL              r3,r2,r2
   15 0000001C E0040393        MUL              r4,r3,r3
   16 00000020 E0070293        MUL              r7,r3,r2
   17 00000024 E0080294        MUL              r8,r4,r2
   18 00000028 E0482007        SUB              r2,r8,r7
   19 0000002C EA000003        B                Finish
   20 00000030         
   21 00000030         less
   22 00000030 E0030292        MUL              r3,r2,r2
   23 00000034 E0040393        MUL              r4,r3,r3
   24 00000038 E0070493        MUL              r7,r3,r4
   25 0000003C E0872004        ADD              r2,r7,r4
   26 00000040         
   27 00000040         Finish
   28 00000040 E4812004        STR              r2,[r1],#4
   29 00000044 E2855001        ADD              r5,r5,#1
   30 00000048 E1550006        CMP              r5,r6
   31 0000004C 0A000000        BEQ              Endline
   32 00000050 EAFFFFED        B                Loop
   33 00000054         
   34 00000054         Endline
   35 00000054         ;LDMFD sp!{r1-r12,pc}
   36 00000054 E1A0F00E        MOV              pc,lr       ;
   37 00000058         
   38 00000058 00000003 
              00000002 
              FFFFFFFD 
              FFFFFFFE 
              0000000A 
              00000000 Value1  DCD              3,2,-3,-2,10,0
   39 00000070 40000000 
                       Address1
                               DCD              &40000000
   40 00000074         
   41 00000074         END
                       
              00000000 
Command Line: --debug --xref --cpu=ARM9E --apcs=interwork --depend=.\example02.
d -o.\example02.o -IC:\Keil\ARM\RV31\INC -IC:\Keil\ARM\CMSIS\Include --predefin
e="__EVAL SETA 1" --list=.\example02.lst example02.s



ARM Macro Assembler    Page 1 Alphabetic symbol ordering
Relocatable symbols

Address1 00000070

Symbol: Address1
   Definitions
      At line 39 in file example02.s
   Uses
      At line 6 in file example02.s
Comment: Address1 used once
END 00000074

Symbol: END
   Definitions
      At line 41 in file example02.s
   Uses
      None
Comment: END unused
Endline 00000054

Symbol: Endline
   Definitions
      At line 34 in file example02.s
   Uses
      At line 31 in file example02.s
Comment: Endline used once
Example 00000000

Symbol: Example
   Definitions
      At line 1 in file example02.s
   Uses
      None
Comment: Example unused
Finish 00000040

Symbol: Finish
   Definitions
      At line 27 in file example02.s
   Uses
      At line 19 in file example02.s
Comment: Finish used once
Loop 0000000C

Symbol: Loop
   Definitions
      At line 9 in file example02.s
   Uses
      At line 32 in file example02.s
Comment: Loop used once
Main 00000000

Symbol: Main
   Definitions
      At line 3 in file example02.s
   Uses
      None
Comment: Main unused
Value1 00000058

Symbol: Value1



ARM Macro Assembler    Page 2 Alphabetic symbol ordering
Relocatable symbols

   Definitions
      At line 38 in file example02.s
   Uses
      At line 5 in file example02.s
Comment: Value1 used once
less 00000030

Symbol: less
   Definitions
      At line 21 in file example02.s
   Uses
      At line 13 in file example02.s
Comment: less used once
9 symbols
342 symbols in table
