Flow report for print_traffic_to_7segment
Mon Nov 11 12:55:21 2013
Quartus II 64-Bit Version 13.0.0 Build 156 04/24/2013 SJ Web Edition


---------------------
; Table of Contents ;
---------------------
  1. Legal Notice
  2. Flow Summary
  3. Flow Settings
  4. Flow Non-Default Global Settings
  5. Flow Elapsed Time
  6. Flow OS Summary
  7. Flow Log
  8. Flow Messages
  9. Flow Suppressed Messages



----------------
; Legal Notice ;
----------------
Copyright (C) 1991-2013 Altera Corporation
Your use of Altera Corporation's design tools, logic functions 
and other software and tools, and its AMPP partner logic 
functions, and any output files from any of the foregoing 
(including device programming or simulation files), and any 
associated documentation or information are expressly subject 
to the terms and conditions of the Altera Program License 
Subscription Agreement, Altera MegaCore Function License 
Agreement, or other applicable license agreement, including, 
without limitation, that your use is for the sole purpose of 
programming logic devices manufactured by Altera and sold by 
Altera or its authorized distributors.  Please refer to the 
applicable agreement for further details.



+---------------------------------------------------------------------------------+
; Flow Summary                                                                    ;
+------------------------------------+--------------------------------------------+
; Flow Status                        ; Successful - Mon Nov 11 12:55:21 2013      ;
; Quartus II 64-Bit Version          ; 13.0.0 Build 156 04/24/2013 SJ Web Edition ;
; Revision Name                      ; print_traffic_to_7segment                  ;
; Top-level Entity Name              ; print_traffic_to_7segment                  ;
; Family                             ; Cyclone II                                 ;
; Device                             ; EP2C70F896C6                               ;
; Timing Models                      ; Final                                      ;
; Total logic elements               ; 4 / 68,416 ( < 1 % )                       ;
;     Total combinational functions  ; 4 / 68,416 ( < 1 % )                       ;
;     Dedicated logic registers      ; 2 / 68,416 ( < 1 % )                       ;
; Total registers                    ; 2                                          ;
; Total pins                         ; 32 / 622 ( 5 % )                           ;
; Total virtual pins                 ; 0                                          ;
; Total memory bits                  ; 0 / 1,152,000 ( 0 % )                      ;
; Embedded Multiplier 9-bit elements ; 0 / 300 ( 0 % )                            ;
; Total PLLs                         ; 0 / 4 ( 0 % )                              ;
+------------------------------------+--------------------------------------------+


+-----------------------------------------------+
; Flow Settings                                 ;
+-------------------+---------------------------+
; Option            ; Setting                   ;
+-------------------+---------------------------+
; Start date & time ; 11/11/2013 12:55:00       ;
; Main task         ; Compilation               ;
; Revision Name     ; print_traffic_to_7segment ;
+-------------------+---------------------------+


+-------------------------------------------------------------------------------------------------------------------------------------+
; Flow Non-Default Global Settings                                                                                                    ;
+--------------------------------------+---------------------------------+---------------+-------------+------------------------------+
; Assignment Name                      ; Value                           ; Default Value ; Entity Name ; Section Id                   ;
+--------------------------------------+---------------------------------+---------------+-------------+------------------------------+
; COMPILER_SIGNATURE_ID                ; 202323121594653.138414209902728 ; --            ; --          ; --                           ;
; EDA_DESIGN_INSTANCE_NAME             ; NA                              ; --            ; --          ; tb_print_traffic_to_7segment ;
; EDA_NATIVELINK_SIMULATION_TEST_BENCH ; tb_print_traffic_to_7segment    ; --            ; --          ; eda_simulation               ;
; EDA_OUTPUT_DATA_FORMAT               ; Verilog Hdl                     ; --            ; --          ; eda_simulation               ;
; EDA_SIMULATION_TOOL                  ; ModelSim-Altera (Verilog)       ; <None>        ; --          ; --                           ;
; EDA_TEST_BENCH_ENABLE_STATUS         ; TEST_BENCH_MODE                 ; --            ; --          ; eda_simulation               ;
; EDA_TEST_BENCH_FILE                  ; tb_print_traffic_to_7segment.v  ; --            ; --          ; tb_print_traffic_to_7segment ;
; EDA_TEST_BENCH_MODULE_NAME           ; tb_print_traffic_to_7segment    ; --            ; --          ; tb_print_traffic_to_7segment ;
; EDA_TEST_BENCH_NAME                  ; tb_print_traffic_to_7segment    ; --            ; --          ; eda_simulation               ;
; EDA_TIME_SCALE                       ; 1 ps                            ; --            ; --          ; eda_simulation               ;
; MAX_CORE_JUNCTION_TEMP               ; 85                              ; --            ; --          ; --                           ;
; MIN_CORE_JUNCTION_TEMP               ; 0                               ; --            ; --          ; --                           ;
; PARTITION_COLOR                      ; 16764057                        ; --            ; --          ; Top                          ;
; PARTITION_FITTER_PRESERVATION_LEVEL  ; PLACEMENT_AND_ROUTING           ; --            ; --          ; Top                          ;
; PARTITION_NETLIST_TYPE               ; SOURCE                          ; --            ; --          ; Top                          ;
; PROJECT_OUTPUT_DIRECTORY             ; output_files                    ; --            ; --          ; --                           ;
+--------------------------------------+---------------------------------+---------------+-------------+------------------------------+


+-------------------------------------------------------------------------------------------------------------------------------+
; Flow Elapsed Time                                                                                                             ;
+---------------------------+--------------+-------------------------+---------------------+------------------------------------+
; Module Name               ; Elapsed Time ; Average Processors Used ; Peak Virtual Memory ; Total CPU Time (on all processors) ;
+---------------------------+--------------+-------------------------+---------------------+------------------------------------+
; Analysis & Synthesis      ; 00:00:01     ; 1.0                     ; 436 MB              ; 00:00:01                           ;
; Fitter                    ; 00:00:11     ; 1.0                     ; 761 MB              ; 00:00:11                           ;
; Assembler                 ; 00:00:05     ; 1.0                     ; 442 MB              ; 00:00:04                           ;
; TimeQuest Timing Analyzer ; 00:00:01     ; 1.0                     ; 394 MB              ; 00:00:01                           ;
; EDA Netlist Writer        ; 00:00:01     ; 1.0                     ; 386 MB              ; 00:00:01                           ;
; Total                     ; 00:00:19     ; --                      ; --                  ; 00:00:18                           ;
+---------------------------+--------------+-------------------------+---------------------+------------------------------------+


+----------------------------------------------------------------------------------------+
; Flow OS Summary                                                                        ;
+---------------------------+------------------+-----------+------------+----------------+
; Module Name               ; Machine Hostname ; OS Name   ; OS Version ; Processor type ;
+---------------------------+------------------+-----------+------------+----------------+
; Analysis & Synthesis      ; SoWBook          ; Windows 7 ; 6.1        ; x86_64         ;
; Fitter                    ; SoWBook          ; Windows 7 ; 6.1        ; x86_64         ;
; Assembler                 ; SoWBook          ; Windows 7 ; 6.1        ; x86_64         ;
; TimeQuest Timing Analyzer ; SoWBook          ; Windows 7 ; 6.1        ; x86_64         ;
; EDA Netlist Writer        ; SoWBook          ; Windows 7 ; 6.1        ; x86_64         ;
+---------------------------+------------------+-----------+------------+----------------+


------------
; Flow Log ;
------------
quartus_map --read_settings_files=on --write_settings_files=off print_traffic_to_7segment -c print_traffic_to_7segment
quartus_fit --read_settings_files=off --write_settings_files=off print_traffic_to_7segment -c print_traffic_to_7segment
quartus_asm --read_settings_files=off --write_settings_files=off print_traffic_to_7segment -c print_traffic_to_7segment
quartus_sta print_traffic_to_7segment -c print_traffic_to_7segment
quartus_eda --read_settings_files=off --write_settings_files=off print_traffic_to_7segment -c print_traffic_to_7segment



