


ARM Macro Assembler    Page 1 


    1 00000000                 AREA             ARMex, CODE, READONLY
    2 00000000                 ENTRY
    3 00000000         
    4 00000000         start
    5 00000000 E3A00003        MOV              r0, #3      ;Input 3 into r0
    6 00000004 E3A01011        MOV              r1, #17     ;Input 17 into r1
    7 00000008         
    8 00000008 E0800200        ADD              r0, r0, r0, LSL #4 ;3+3x16=3X17
                                                            
    9 0000000C E0811081        ADD              r1, r1, r1, LSL #1 
                                                            ;17+17x2=17x3
   10 00000010         
   11 00000010                 END                          ;End of file
Command Line: --debug --xref --cpu=ARM9E --apcs=interwork --depend=.\problem03-
1.d -o.\problem03-1.o -IC:\Keil\ARM\RV31\INC -IC:\Keil\ARM\CMSIS\Include --pred
efine="__EVAL SETA 1" --list=.\problem03-1.lst problem03-1.s



ARM Macro Assembler    Page 1 Alphabetic symbol ordering
Relocatable symbols

ARMex 00000000

Symbol: ARMex
   Definitions
      At line 1 in file problem03-1.s
   Uses
      None
Comment: ARMex unused
start 00000000

Symbol: start
   Definitions
      At line 4 in file problem03-1.s
   Uses
      None
Comment: start unused
2 symbols
333 symbols in table
