
Curent Memory Allocation State
=================================
Available memory space : 280
1 : 100 - 299
2 : 420 - 499

Allocated memory space : 220
1 : 0 - 99
2 : 300 - 419

coalescing count : 0
memory alloction failure count : 0




Curent Memory Allocation State
=================================
Available memory space : 150
1 : 160 - 299
2 : 490 - 499

Allocated memory space : 350
1 : 0 - 99
2 : 100 - 159
3 : 300 - 349
4 : 350 - 489

coalescing count : 1
memory alloction failure count : 1



