Build started 2015-03-19 오후 4:49:51.
     1>Project "D:\Programming\C++\[2015] image_processing\IP_programming\IP_programming.vcxproj" on node 2 (Build target(s)).
     1>ClCompile:
         C:\Program Files (x86)\Microsoft Visual Studio 11.0\VC\bin\CL.exe /c /ZI /nologo /W3 /WX- /Od /Oy- /D WIN32 /D _WINDOWS /D _DEBUG /D _MBCS /D _AFXDLL /Gm /EHsc /RTC1 /MDd /GS /fp:precise /Zc:wchar_t /Zc:forScope /Yc"stdafx.h" /Fp"Debug\IP_programming.pch" /Fo"Debug\\" /Fd"Debug\vc110.pdb" /Gd /TP /analyze- /errorReport:prompt stdafx.cpp
         stdafx.cpp
         C:\Program Files (x86)\Microsoft Visual Studio 11.0\VC\bin\CL.exe /c /ZI /nologo /W3 /WX- /Od /Oy- /D WIN32 /D _WINDOWS /D _DEBUG /D _MBCS /D _AFXDLL /Gm /EHsc /RTC1 /MDd /GS /fp:precise /Zc:wchar_t /Zc:forScope /Yu"stdafx.h" /Fp"Debug\IP_programming.pch" /Fo"Debug\\" /Fd"Debug\vc110.pdb" /Gd /TP /analyze- /errorReport:prompt ChildFrm.cpp FileOpenDlg.cpp IP_programming.cpp IP_programmingDoc.cpp IP_programmingMyClass.cpp IP_programmingView.cpp MainFrm.cpp
         MainFrm.cpp
         IP_programmingView.cpp
         IP_programmingMyClass.cpp
         IP_programmingDoc.cpp
     1>d:\programming\c++\[2015] image_processing\ip_programming\ip_programmingdoc.cpp(162): warning C4996: 'fopen': This function or variable may be unsafe. Consider using fopen_s instead. To disable deprecation, use _CRT_SECURE_NO_WARNINGS. See online help for details.
                 c:\program files (x86)\microsoft visual studio 11.0\vc\include\stdio.h(218) : see declaration of 'fopen'
         IP_programming.cpp
         FileOpenDlg.cpp
         ChildFrm.cpp
         Generating Code...
       ResourceCompile:
         C:\Program Files (x86)\Windows Kits\8.0\bin\x86\rc.exe /D _DEBUG /D _AFXDLL /l"0x0409" /IDebug\ /nologo /fo"Debug\IP_programming.res" IP_programming.rc 
       Link:
         C:\Program Files (x86)\Microsoft Visual Studio 11.0\VC\bin\link.exe /ERRORREPORT:PROMPT /OUT:"D:\Programming\C++\[2015] image_processing\IP_programming\Debug\IP_programming.exe" /INCREMENTAL /NOLOGO /MANIFEST /MANIFESTUAC:"level='asInvoker' uiAccess='false'" /manifest:embed /manifestinput:"C:\Program Files (x86)\Microsoft Visual Studio 11.0\VC\Include\Manifest\dpiaware.manifest" /DEBUG /PDB:"D:\Programming\C++\[2015] image_processing\IP_programming\Debug\IP_programming.pdb" /SUBSYSTEM:WINDOWS /TLBID:1 /DYNAMICBASE /NXCOMPAT /IMPLIB:"D:\Programming\C++\[2015] image_processing\IP_programming\Debug\IP_programming.lib" /MACHINE:X86 Debug\IP_programming.res
         Debug\ChildFrm.obj
         Debug\FileOpenDlg.obj
         Debug\IP_programming.obj
         Debug\IP_programmingDoc.obj
         Debug\IP_programmingMyClass.obj
         Debug\IP_programmingView.obj
         Debug\MainFrm.obj
         Debug\stdafx.obj
         IP_programming.vcxproj -> D:\Programming\C++\[2015] image_processing\IP_programming\Debug\IP_programming.exe
     1>Done Building Project "D:\Programming\C++\[2015] image_processing\IP_programming\IP_programming.vcxproj" (Build target(s)).

Build succeeded.

Time Elapsed 00:00:03.95
