


ARM Macro Assembler    Page 1 


    1 00000000                 AREA             Project, CODE, READONLY
    2 00000000                 ENTRY
    3 00000000         
    4 00000000         start
    5 00000000 E59F011C        LDR              r0, =Random_data
    6 00000004 E59F111C        LDR              r1, =Array_data
    7 00000008         
    8 00000008 E59F2124        LDR              r2, Length
    9 0000000C E2822001        ADD              r2, r2, #1  ;length=1000
   10 00000010 E1A030A2        MOV              r3,r2,LSR #1 ;interval=length/2
                                                            
   11 00000014         
   12 00000014         loop1                                ;shell sort
   13 00000014 E3A04000        MOV              r4, #0      ;i=0
   14 00000018         
   15 00000018         loop2
   16 00000018 E0845003        ADD              r5, r4, r3  ;j=i+interval
   17 0000001C         
   18 0000001C         loop3
   19 0000001C E1550002        CMP              r5,r2
   20 00000020 AA00000F        BGE              Endloop3    ;j>=length
   21 00000024         
   22 00000024 E0806105        ADD              r6, r0, r5, LSL #2 
                                                            ;index with 4bytes
   23 00000028 E5967000        LDR              r7, [r6]    ;temp=data[j]
   24 0000002C E0468103        SUB              r8, r6, r3, LSL #2 ;k=j-interva
                                                            l, indexed
   25 00000030         
   26 00000030         loop4
   27 00000030 E1580000        CMP              r8,r0
   28 00000034 BA000006        BLT              Endloop4    ;k<0
   29 00000038         
   30 00000038 E5989000        LDR              r9, [r8]    ;data[k]
   31 0000003C E1590007        CMP              r9, r7
   32 00000040 DA000003        BLE              Endloop4    ;data[k]<=temp
   33 00000044         
   34 00000044 E088A103        ADD              r10, r8, r3, LSL #2 ;k+interval
                                                            , indexed
   35 00000048 E58A9000        STR              r9, [r10]   ;data[k+interval]=d
                                                            ata[k]
   36 0000004C E0488103        SUB              r8, r8, r3, LSL #2 ;k-=interval
                                                            
   37 00000050 EAFFFFF6        B                loop4
   38 00000054         
   39 00000054         Endloop4
   40 00000054 E088A103        ADD              r10, r8, r3, LSL #2 ;k+interval
                                                            , indexed
   41 00000058 E58A7000        STR              r7, [r10]   ;data[k+interval]=t
                                                            emp
   42 0000005C E0855003        ADD              r5, r5, r3  ;j+=interval
   43 00000060 EAFFFFED        B                loop3
   44 00000064         
   45 00000064         Endloop3
   46 00000064 E2844001        ADD              r4, r4, #1  ;i++
   47 00000068 E1540003        CMP              r4, r3
   48 0000006C BAFFFFE9        BLT              loop2       ;i<interval
   49 00000070         
   50 00000070 E1A030A3        LSR              r3, #1      ;interval /= 2
   51 00000074 E3530000        CMP              r3, #0



ARM Macro Assembler    Page 2 


   52 00000078 CAFFFFE5        BGT              loop1       ;interval > 0
   53 0000007C         
   54 0000007C E3A02000        MOV              r2, #0
   55 00000080         
   56 00000080         CopySorted
   57 00000080 E8B01FF8        LDMFD            r0!, {r3-r12} ;input data with 
                                                            2bytes
   58 00000084 E0C130B2        STRH             r3, [r1], #2 ;copy data
   59 00000088 E0C140B2        STRH             r4, [r1], #2
   60 0000008C E0C150B2        STRH             r5, [r1], #2
   61 00000090 E0C160B2        STRH             r6, [r1], #2
   62 00000094 E0C170B2        STRH             r7, [r1], #2
   63 00000098 E0C180B2        STRH             r8, [r1], #2
   64 0000009C E0C190B2        STRH             r9, [r1], #2
   65 000000A0 E0C1A0B2        STRH             r10, [r1], #2
   66 000000A4 E0C1B0B2        STRH             r11, [r1], #2
   67 000000A8 E0C1C0B2        STRH             r12, [r1], #2
   68 000000AC         
   69 000000AC E2822001        ADD              r2,r2,#1    ;r2++
   70 000000B0 E3520064        CMP              r2, #100    ;100x10
   71 000000B4 1AFFFFF1        BNE              CopySorted
   72 000000B8         
   73 000000B8         Search
   74 000000B8 E59F006C        LDR              r0, =Search_data ;address of Se
                                                            arch_data
   75 000000BC E59F1064        LDR              r1, =Array_data ;address of Arr
                                                            ay_data
   76 000000C0 E59FB058        LDR              r11, Address1 ;0x40000000
   77 000000C4 E3A0C000        MOV              r12, #0     ;initialize
   78 000000C8         
   79 000000C8         loop5
   80 000000C8 E4903004        LDR              r3, [r0], #4 ;search data
   81 000000CC         
   82 000000CC E3A04000        MOV              r4, #0      ;small for Binary S
                                                            earch
   83 000000D0 E59F505C        LDR              r5, Length  ;big for Binary Sea
                                                            rch
   84 000000D4         
   85 000000D4         loop6
   86 000000D4 E0456004        SUB              r6, r5, r4  ;big - small
   87 000000D8 E1A060A6        LSR              r6, #1      ;(big - small) / 2
   88 000000DC E0866004        ADD              r6, r6, r4  ;small + (big - sma
                                                            ll) / 2
   89 000000E0 E1A06086        LSL              r6, #1      ;2bytes unit
   90 000000E4         
   91 000000E4 E0817006        ADD              r7, r1, r6
   92 000000E8 E1D780B0        LDRH             r8, [r7]    ;middle data
   93 000000EC         
   94 000000EC E1580003        CMP              r8, r3      ;middle data ? sear
                                                            ch data
   95 000000F0         
   96 000000F0 028CC001        ADDEQ            r12, r12, #1 ;find data
   97 000000F4 00CB30B2        STRHEQ           r3, [r11], #2 ;store data in 0x
                                                            40000000
   98 000000F8 0A000004        BEQ              Endloop6    ;escape
   99 000000FC         
  100 000000FC E1A060A6        LSR              r6, #1
  101 00000100 B2864001        ADDLT            r4, r6, #1  ;middle data < sear
                                                            ch data



ARM Macro Assembler    Page 3 


  102 00000104 C2465001        SUBGT            r5, r6, #1  ;middle data > sear
                                                            ch data
  103 00000108         
  104 00000108 E1540005        CMP              r4, r5      ;small ? big
  105 0000010C DAFFFFF0        BLE              loop6       ;small < big
  106 00000110         
  107 00000110         Endloop6
  108 00000110 E2422001        SUB              r2,r2,#1    ;cycle --
  109 00000114 E3520000        CMP              r2, #0      ;search complete?
  110 00000118 1AFFFFEA        BNE              loop5
  111 0000011C         
  112 0000011C         Endline
  113 0000011C E3A0F000        MOV              pc,#0
  114 00000120         
  115 00000120 40000000 
                       Address1
                               DCD              &40000000
  116 00000124         
  117 00000124 00000000 
              00000000 
              00000000 
              00000000         LTORG
  118 00000134         Length
  119 00000134 000003E7        DCI              0x000003E7  ;999
  120 00000138         
  121 00000138         Bandwidth
  122 00000138 00000FA0        DCI              0x00000FA0  ;4000
  123 0000013C         
  124 0000013C 000004A6 
              00000B03 
              000002C4 
              00001044 
              0000007C 
              000004CA 
              00001090 
              00000AE4 
              00000401 
              00000636 
              000009D2 
              00001289 
              00000106 
              00000548 
              00000827 
              000009AE 
              000012D1 
              00001298 
              00000283 
              00000396 
              00000070 
              000007A0 
              0000079F 
              0000124D 
              000007DE 
              00000B1D 
              00000EF0 
              00000F87 
              00000E13 
              000010CD 
              000011C1 



ARM Macro Assembler    Page 4 


              0000108D 
              00000AE6 
              00000137 
              000007AF 
              00001063 
              00000CD4 
              00000FD7 
              00000A1B 
              00000AEB 
              00000C91 
              00000229 
              00000362 
              00000084 
              000008B2 
              000008CC 
              000006BB 
              0000025D 
              000002C5 
              00000085 
              00000704 
              000008B6 
              00000454 
              0000054F 
              000001F0 
              0000098A 
              000003BF 
              00000A63 
              0000048E 
              000000F7 
              00000302 
              00000596 
              00000056 
              000002C0 
              000009E7 
              00000B09 
              00000B82 
              000008FB 
              00000DEF 
              00000043 
              00000902 
              00000E56 
              0000067A 
              00000626 
              000001D8 
              00000899 
              00000FAE 
              00000E04 
              00000385 
              00000456 
              00000536 
              0000082D 
              000008DA 
              00000A38 
              000008FF 
              0000068D 
              00000690 
              000008B1 
              000009BE 
              0000062F 



ARM Macro Assembler    Page 5 


              0000097C 
              00000969 
              000009E3 
              0000099B 
              00000455 
              00000499 
              00000AA2 
              00000C19 
              00000959 
              00000C4C 
              00000830 Random_data
                               DCD              1190,2819,708,4164,124,1226,424
0,2788,1025,1590,2514,4745,262,1352,2087,2478,4817,4760,643,918,112,1952,1951,4
685,2014,2845,3824,3975,3603,4301,4545,4237,2790,311,1967,4195,3284,4055,2587,2
795,3217,553,866,132,2226,2252,1723,605,709,133,1796,2230,1108,1359,496,2442,95
9,2659,1166,247,770,1430,86,704,2535,2825,2946,2299,3567,67,2306,3670,1658,1574
,472,2201,4014,3588,901,1110,1334,2093,2266,2616,2303,1677,1680,2225,2494,1583,
2428,2409,2531,2459,1109,1177,2722,3097,2393,3148,2096
  125 000002D0 00000BF8 
              00000647 
              00000681 
              000000BC 
              00000650 
              00000144 
              00000535 
              00000A5C 
              00000D96 
              0000047E 
              00000B6E 
              00000965 
              00000A35 
              000005A1 
              000006FC 
              00000DCD 
              00000DF0 
              00000CB2 
              00000002 
              0000081A 
              00000662 
              00000146 
              000006CC 
              00000B2C 
              00000311 
              00000E33 
              000007C5 
              00000E4D 
              00000EEF 
              00000FF1 
              00000FF5 
              000011B5 
              000011CB 
              00000155 
              00000429 
              000008D7 
              000007E2 
              0000077D 
              0000039F 
              000005FD 
              000006B7 



ARM Macro Assembler    Page 6 


              000006F0 
              00000248 
              000005AF 
              00000756 
              0000006D 
              00000E32 
              00000E9C 
              000008A5 
              000005AD 
              000005EE 
              00000D69 
              00000AF5 
              00000031 
              00000C3D 
              00000941 
              0000047F 
              00000FDD 
              00000CED 
              00000058 
              00000C6C 
              00000DA0 
              000008BE 
              0000121D 
              00000910 
              00000FF4 
              00001247 
              000000F1 
              000001EA 
              00000338 
              000007F0 
              000010A3 
              00000F28 
              000002B4 
              00000C49 
              00000A58 
              000006AE 
              00000611 
              000001EC 
              000005F0 
              00000122 
              0000029D 
              00000AA8 
              00000716 
              000001A5 
              00000E45 
              00000D7B 
              00000BF9 
              00000322 
              000009B3 
              00000785 
              0000036F 
              00000074 
              0000020D 
              00000485 
              0000087F 
              00000D8D 
              00000FE7 
              00001047 
              000006BC 



ARM Macro Assembler    Page 7 


              000007D8         DCD              3064,1607,1665,188,1616,324,133
3,2652,3478,1150,2926,2405,2613,1441,1788,3533,3568,3250,2,2074,1634,326,1740,2
860,785,3635,1989,3661,3823,4081,4085,4533,4555,341,1065,2263,2018,1917,927,153
3,1719,1776,584,1455,1878,109,3634,3740,2213,1453,1518,3433,2805,49,3133,2369,1
151,4061,3309,88,3180,3488,2238,4637,2320,4084,4679,241,490,824,2032,4259,3880,
692,3145,2648,1710,1553,492,1520,290,669,2728,1814,421,3653,3451,3065,802,2483,
1925,879,116,525,1157,2175,3469,4071,4167,1724,2008
  126 00000464 000001DF 
              0000070B 
              00000FF2 
              00001008 
              00000631 
              000000C2 
              00000484 
              00000CF8 
              00000932 
              000003EF 
              00000858 
              00000C6D 
              00000F9B 
              00000C61 
              0000023E 
              000004C8 
              00000672 
              000003EE 
              00000C75 
              00000685 
              00000CBA 
              00000FAD 
              00000F82 
              000004D1 
              00001143 
              00000305 
              000001FE 
              00000E18 
              00001275 
              00000E88 
              00000E3D 
              00000DC0 
              000001E6 
              0000057C 
              000007DD 
              00000C0A 
              00000A8F 
              000005F9 
              00000D83 
              00000082 
              000001DE 
              00000F60 
              00000F0F 
              000008B8 
              00000789 
              00000894 
              000009ED 
              00000AC4 
              00001268 
              0000121C 
              00000E9E 
              00001078 



ARM Macro Assembler    Page 8 


              0000061E 
              000011F6 
              00000609 
              000000B3 
              00000568 
              0000072B 
              00000B28 
              00000A32 
              00000898 
              0000029A 
              00000751 
              00000E24 
              00000EF2 
              0000045A 
              000010E5 
              00000CD7 
              00000EE9 
              00000145 
              000007E4 
              000000A7 
              00001106 
              00001104 
              000006E9 
              00000097 
              0000056E 
              00000A2B 
              00000BC7 
              00000981 
              00000B43 
              00000AA6 
              00000F93 
              00000F17 
              0000071B 
              00000028 
              00000312 
              00000FD5 
              00000E9F 
              00000BC5 
              000001AB 
              00000296 
              00000E80 
              00000BE6 
              0000015E 
              000007AB 
              00000B74 
              00000A82 
              00000438 
              000009E2 
              00000005         DCD              479,1803,4082,4104,1585,194,115
6,3320,2354,1007,2136,3181,3995,3169,574,1224,1650,1006,3189,1669,3258,4013,397
0,1233,4419,773,510,3608,4725,3720,3645,3520,486,1404,2013,3082,2703,1529,3459,
130,478,3936,3855,2232,1929,2196,2541,2756,4712,4636,3742,4216,1566,4598,1545,1
79,1384,1835,2856,2610,2200,666,1873,3620,3826,1114,4325,3287,3817,325,2020,167
,4358,4356,1769,151,1390,2603,3015,2433,2883,2726,3987,3863,1819,40,786,4053,37
43,3013,427,662,3712,3046,350,1963,2932,2690,1080,2530,5
  127 000005F8 000009A9 
              000006AC 
              00000220 
              00000503 



ARM Macro Assembler    Page 9 


              0000016F 
              000000DD 
              0000063A 
              0000028F 
              00000702 
              000009FB 
              0000005F 
              00000903 
              00000878 
              0000001F 
              00000573 
              00000B64 
              00000D3C 
              000007B7 
              00000A40 
              000009A5 
              000002D9 
              0000041D 
              00000345 
              00000269 
              000000FA 
              00000691 
              00000712 
              00000873 
              0000064D 
              00000976 
              00000D4A 
              00000E6F 
              00000CD9 
              00000A97 
              000005D3 
              0000073D 
              00000707 
              00000080 
              000000FC 
              00000517 
              0000032B 
              000003DC 
              0000041F 
              000007BE 
              00000911 
              000004F1 
              00000809 
              00000A6F 
              00000A8B 
              00000D26 
              00000E3E 
              00000AF8 
              00000FDC 
              000010B3 
              00000452 
              000005C1 
              00000851 
              00000CE7 
              000003D9 
              0000118B 
              00000936 
              000010C4 
              00001194 



ARM Macro Assembler    Page 10 


              000008B7 
              0000119C 
              00000C2E 
              00000309 
              0000052F 
              00000C3B 
              00000A46 
              0000120D 
              0000045D 
              00000EA6 
              00000FFB 
              000008E4 
              00000664 
              000003FB 
              000000DE 
              0000096D 
              00000CC0 
              00000BF2 
              00000E55 
              000011C5 
              00001054 
              00001042 
              00000FDA 
              00000E83 
              00000AEA 
              000009B1 
              0000020E 
              00000B68 
              00000E50 
              00001235 
              00000822 
              00000E74 
              00001273 
              00000DAF 
              0000126E 
              00000361 
              000005F5 
              00000E9A         DCD              2473,1708,544,1283,367,221,1594
,655,1794,2555,95,2307,2168,31,1395,2916,3388,1975,2624,2469,729,1053,837,617,2
50,1681,1810,2163,1613,2422,3402,3695,3289,2711,1491,1853,1799,128,252,1303,811
,988,1055,1982,2321,1265,2057,2671,2699,3366,3646,2808,4060,4275,1106,1473,2129
,3303,985,4491,2358,4292,4500,2231,4508,3118,777,1327,3131,2630,4621,1117,3750,
4091,2276,1636,1019,222,2413,3264,3058,3669,4549,4180,4162,4058,3715,2794,2481,
526,2920,3664,4661,2082,3700,4723,3503,4718,865,1525,3738
  128 0000078C 00000A0E 
              0000074A 
              0000002B 
              0000039C 
              00000BBF 
              0000033B 
              00000806 
              0000078B 
              00000791 
              000003B2 
              00000F45 
              00000330 
              00000D54 
              00000AFE 
              00001060 



ARM Macro Assembler    Page 11 


              00000428 
              00000FD6 
              00000FC7 
              00000B66 
              00000939 
              0000050B 
              000007C4 
              00000D48 
              00000D39 
              000008BD 
              00000288 
              00000C59 
              00000CAE 
              00000C24 
              000004AE 
              000002F2 
              0000077C 
              00000127 
              000004E8 
              00000949 
              00000195 
              00000AE9 
              0000068C 
              00000BB0 
              0000057A 
              00000159 
              000008DB 
              00000A62 
              00000B38 
              00000BCD 
              000007FA 
              00000373 
              00000E21 
              00000F00 
              00000922 
              00000F56 
              0000019A 
              0000104D 
              000001B4 
              00000C48 
              00001064 
              00000C52 
              00000658 
              00000BB7 
              00000D38 
              000010E2 
              00001219 
              00000F7A 
              000007CC 
              00000C1B 
              00000A83 
              00000CAA 
              0000083E 
              00000B70 
              00000F13 
              00000F0D 
              00000E1A 
              000004FF 
              000008E7 



ARM Macro Assembler    Page 12 


              0000022F 
              00000386 
              00000717 
              00000744 
              000005DA 
              00000A70 
              00000D28 
              00000968 
              0000076D 
              00000527 
              000001EB 
              000003F3 
              000005E5 
              00000C55 
              00000A64 
              000000C3 
              0000060A 
              000007E3 
              00000823 
              00000D7D 
              00000EB2 
              0000128B 
              0000128F 
              000012BA 
              000001F3 
              000012BB 
              0000106F         DCD              2574,1866,43,924,3007,827,2054,
1931,1937,946,3909,816,3412,2814,4192,1064,4054,4039,2918,2361,1291,1988,3400,3
385,2237,648,3161,3246,3108,1198,754,1916,295,1256,2377,405,2793,1676,2992,1402
,345,2267,2658,2872,3021,2042,883,3617,3840,2338,3926,410,4173,436,3144,4196,31
54,1624,2999,3384,4322,4633,3962,1996,3099,2691,3242,2110,2928,3859,3853,3610,1
279,2279,559,902,1815,1860,1498,2672,3368,2408,1901,1319,491,1011,1509,3157,266
0,195,1546,2019,2083,3453,3762,4747,4751,4794,499,4795,4207
  129 00000920 000012D0 
              00000023 
              000012FE 
              00000797 
              00001300 
              00001304 
              00001312 
              00001314 
              0000022A 
              000008C0 
              00001319 
              0000131A 
              0000131B 
              00000567 
              00000D25 
              000010D5 
              00001329 
              00000129 
              00001126 
              000010EA 
              0000034A 
              000007FC 
              000009B6 
              00000871 
              0000124F 
              0000046F 



ARM Macro Assembler    Page 13 


              00000DA8 
              0000132A 
              00000251 
              000012EF 
              00000185 
              00000B8A 
              00000BD6 
              00000D40 
              000012EE 
              000012EA 
              000012E1 
              000009B0 
              0000082C 
              00000D5E 
              00000F73 
              000007D5 
              0000066F 
              00001269 
              00000FC5 
              00001266 
              000001C8 
              00000562 
              000011A1 
              000011DE 
              00000337 
              00000994 
              00000E31 
              0000017F 
              00000C53 
              00000D3D 
              00000C35 
              00000C2C 
              000002FC 
              00000798 
              0000051B 
              00000215 
              00000009 
              00000151 
              000009F9 
              00000AFD 
              00000545 
              00000889 
              00000905 
              00000749 
              0000074F 
              00000C1A 
              00000476 
              00000920 
              00000449 
              000003F1 
              000005B7 
              00000E02 
              000002BD 
              0000047C 
              0000053E 
              00000AD6 
              00000AED 
              00000FF7 
              0000100E 



ARM Macro Assembler    Page 14 


              00000313 
              00001038 
              0000008C 
              0000104C 
              00000E84 
              0000111D 
              000010D4 
              00000845 
              0000125B 
              000012CB 
              000001F5 
              00001280 
              000007FE 
              0000125C 
              000006FE 
              0000100B         DCD              4816,35,4862,1943,4864,4868,488
2,4884,554,2240,4889,4890,4891,1383,3365,4309,4905,297,4390,4330,842,2044,2486,
2161,4687,1135,3496,4906,593,4847,389,2954,3030,3392,4846,4842,4833,2480,2092,3
422,3955,2005,1647,4713,4037,4710,456,1378,4513,4574,823,2452,3633,383,3155,338
9,3125,3116,764,1944,1307,533,9,337,2553,2813,1349,2185,2309,1865,1871,3098,114
2,2336,1097,1009,1463,3586,701,1148,1342,2774,2797,4087,4110,787,4152,140,4172,
3716,4381,4308,2117,4699,4811,501,4736,2046,4700,1790,4107
  130 00000AB4 00001259 
              00000C65 
              00000872 
              000005CB 
              000011DA 
              00000913 
              00000A10 
              0000087B 
              000005FF 
              00000679 
              000000DC 
              000002A5 
              000009D1 
              00000802 
              00000929 
              000011CF 
              000002B2 
              0000026D 
              0000087E 
              000009D7 
              0000115C 
              000001F7 
              000011B4 
              000011A5 
              0000119F 
              00001173 
              0000049A 
              000010EB 
              00000AAA 
              00000BFE 
              00000775 
              000004B0 
              0000006E 
              000004A2 
              00000E53 
              00001061 
              0000021F 



ARM Macro Assembler    Page 15 


              00000F70 
              0000037F 
              00000E89 
              00000D57 
              000001BE 
              00000C23 
              00000C6A 
              00000A68 
              00000CB0 
              00000DCA 
              00000D14 
              00000CC3 
              00000AD3 
              0000022D 
              00000663 
              000007C9 
              000008AD 
              00000446 
              00000A25 
              00000AAC 
              00000B9B 
              00000D7E 
              00000AE7 
              0000072E 
              00000083 
              00000026 
              00000033 
              0000077F 
              0000054A 
              0000092D 
              00000C50 
              0000114E 
              00000BBB 
              00000BFC 
              0000103F 
              00000E11 
              00000ACB 
              0000110F 
              00000A23 
              00000239 
              00000675 
              00000671 
              000004CE 
              000005A6 
              000000AB 
              000005A9 
              0000063D 
              00000782 
              00000B61 
              0000110C 
              000010E7 
              000010AE 
              00001092 
              00000267 
              000001CC 
              00000FCC 
              00000F50 
              00000E0E 
              000004DE 



ARM Macro Assembler    Page 16 


              00000BA7 
              00000CEB 
              000005F3 
              00000C11 
              00000AFC         DCD              4697,3173,2162,1483,4570,2323,2
576,2171,1535,1657,220,677,2513,2050,2345,4559,690,621,2174,2519,4444,503,4532,
4517,4511,4467,1178,4331,2730,3070,1909,1200,110,1186,3667,4193,543,3952,895,37
21,3415,446,3107,3178,2664,3248,3530,3348,3267,2771,557,1635,1993,2221,1094,259
7,2732,2971,3454,2791,1838,131,38,51,1919,1354,2349,3152,4430,3003,3068,4159,36
01,2763,4367,2595,569,1653,1649,1230,1446,171,1449,1597,1922,2913,4364,4327,427
0,4242,615,460,4044,3920,3598,1246,2983,3307,1523,3089,2812
  131 00000C48 0000032F 
              0000045C 
              00000511 
              00000287 
              0000005D 
              000004C5 
              000002BA 
              00000689 
              0000070E 
              0000074E 
              00000541 
              000003AB 
              00000370 
              000005DC 
              00000769 
              00000D37 
              000001B0 
              000007A8 
              00000C5A 
              00001016 
              00000BC6 
              0000080D 
              0000107B 
              00000FEA 
              00000FE2 
              00000A3B 
              00000E29 
              00000418 
              00000238 
              00000F1A 
              00000EEE 
              00000378 
              0000097D 
              00000323 
              00000D5D 
              000006D1 
              00000B75 
              00000C40 
              000008E8 
              0000027B 
              00000496 
              000005BC 
              000008DD 
              00000A7F 
              00000522 
              000008D8 
              00000EC9 
              00000E27 



ARM Macro Assembler    Page 17 


              000005EC 
              00000420 
              00000DBD 
              00000CFC 
              00000478 
              000007D3 
              00000393 
              00000B93 
              000006FD 
              000004FA 
              00000593 
              00000986 
              00000334 
              000003CB 
              0000049E 
              000006AD 
              00000852 
              00000DB4 
              00000C4E 
              00000101 
              000006E3 
              000005CE 
              000001D5 
              00000E15 
              00000F7F 
              00000ECB 
              000000A9 
              000003BC 
              00000D51 
              0000086E 
              000008A1 
              00000C1E 
              00000057 
              000006EE 
              00000DC8 
              00000BD4 
              00000B15 
              00000104 
              000005D1 
              00000773 
              00000B31 
              00000735 
              000001F2 
              00000525 
              00000304 
              00000069 
              000003E3 
              000004E1 
              000008C9 
              00000A90 
              000005DD 
              0000026F 
              0000007A         DCD              815,1116,1297,647,93,1221,698,1
673,1806,1870,1345,939,880,1500,1897,3383,432,1960,3162,4118,3014,2061,4219,407
4,4066,2619,3625,1048,568,3866,3822,888,2429,803,3421,1745,2933,3136,2280,635,1
174,1468,2269,2687,1314,2264,3785,3623,1516,1056,3517,3324,1144,2003,915,2963,1
789,1274,1427,2438,820,971,1182,1709,2130,3508,3150,257,1763,1486,469,3605,3967
,3787,169,956,3409,2158,2209,3102,87,1774,3528,3028,2837,260,1489,1907,2865,184
5,498,1317,772,105,995,1249,2249,2704,1501,623,122



ARM Macro Assembler    Page 18 


  132 00000DDC 000005B5 
              00000B98 
              00000CF5 
              0000089E 
              00000EFC 
              00000154 
              00000DF2 
              000003B9 
              000000B0 
              00000190 
              0000078F 
              00000F0B 
              000008AE 
              0000030B 
              00000750 
              000008F5 
              00000F6D 
              00000EE8 
              00000433 
              000002A4 
              00000651 
              0000067C 
              000008BA 
              00000392 
              000008D9 
              00000EE2 
              00000F83 
              00000579 
              00000A01 
              00000B6A 
              00000D13 
              00000923 
              00000876 
              00000819 
              00000CDB 
              00001003 
              0000050A 
              00000552 
              0000031C 
              00001018 
              00001072 
              000010B7 
              00000A53 
              0000040D 
              0000004B 
              000010E0 
              00000188 
              00000840 
              0000118F 
              00000AF4 
              00001001 
              000011E1 
              00000038 
              000011EE 
              000011EF 
              00001213 
              00000387 
              0000012A 
              0000123C 



ARM Macro Assembler    Page 19 


              00001293 
              00000D50 
              00000C37 
              00000B3C 
              000004D0 
              000005BB 
              000008C3 
              00000C20 
              00000408 
              000002AD 
              000012A5 
              000012E6 
              00000D3E 
              00000086 
              00000544 
              000012E8 
              000002B6 
              0000098B 
              00000256 
              000003F6 
              00000E68 
              000012FA 
              00001233 
              0000104F 
              0000096E 
              00000D2C 
              00000D9A 
              00000FC6 
              00000B5C 
              0000132F 
              00001332 
              00001333 
              00001335 
              0000022E 
              00001192 
              00000565 
              0000063B 
              0000024E 
              00000254 
              00000A60 
              000005A4 
              00001344         DCD              1461,2968,3317,2206,3836,340,35
70,953,176,400,1935,3851,2222,779,1872,2293,3949,3816,1075,676,1617,1660,2234,9
14,2265,3810,3971,1401,2561,2922,3347,2339,2166,2073,3291,4099,1290,1362,796,41
20,4210,4279,2643,1037,75,4320,392,2112,4495,2804,4097,4577,56,4590,4591,4627,9
03,298,4668,4755,3408,3127,2876,1232,1467,2243,3104,1032,685,4773,4838,3390,134
,1348,4840,694,2443,598,1014,3688,4858,4659,4175,2414,3372,3482,4038,2908,4911,
4914,4915,4917,558,4498,1381,1595,590,596,2656,1444,4932
  133 00000F70 00000961 
              0000047D 
              0000083D 
              00000C31 
              00001351 
              00000513 
              00000044 
              00000191 
              000001D9 
              00000844 
              00000184 



ARM Macro Assembler    Page 20 


              000000A2 
              000001ED 
              000008A6 
              00000AB2 
              00000C13 
              00001359 
              0000135F 
              00000A5A 
              00000DF6 
              00000C29 
              00000A79 
              000002A9 
              00000637 
              0000116E 
              00000DDE 
              0000006F 
              00000C86 
              00000D2E 
              00000D02 
              00000107 
              00000ABF 
              000010B5 
              00000984 
              00000930 
              00001367 
              000000BE 
              00000BA9 
              0000136A 
              00001363 
              000004D8 
              00000BBD 
              0000136B 
              000011DB 
              00000ECC 
              00000E43 
              0000068B 
              00000713 
              000009E4 
              000006DB 
              0000046C 
              00000E26 
              00000D6B 
              000004A5 
              000009E1 
              00000C63 
              00000B7D 
              00000088 
              00000339 
              00000B1F 
              00000B0B 
              00000359 
              0000029B 
              000003FA 
              000000D6 
              00000383 
              00000405 
              00000336 
              0000015F 
              00000315 



ARM Macro Assembler    Page 21 


              000009E5 
              00000758 
              00001373 
              0000112A 
              00000739 
              000011C0 
              000010DC 
              00001384 
              000012FD 
              00000BBA 
              0000074C 
              00000836 
              0000035F 
              000002F8 
              000005A3 
              000001DC 
              00000B1C 
              000012DA 
              00000DBA 
              00000212 
              00000014         DCD              2401,1149,2109,3121,4945,1299,6
8,401,473,2116,388,162,493,2214,2738,3091,4953,4959,2650,3574,3113,2681,681,159
1,4462,3550,111,3206,3374,3330,263,2751,4277,2436,2352,4967,190,2985,4970,4963,
1240,3005,4971,4571,3788,3651,1675,1811,2532,1755,1132,3622,3435,1189,2529,3171
,2941,136,825,2847,2827,857,667,1018,214,899,1029,822,351,789,2533,1880,4979,43
94,1849,4544,4316,4996,4861,3002,1868,2102,863,760,1443,476,2844,4826,3514,530,
20
  134 000010DC         
  135 000010DC 000007D5 
              00001365 
              0000053E 
              000001F3 
              00000636 
              00000A2B 
              00000DE3 
              00001296 
              0000131D 
              00000232 
              0000125B 
              0000120D 
              00000338 
              000011CA 
              0000074F 
              000011F2 
              00000F0D 
              000005E9 
              00000E6D 
              000004D3 
              00000527 
              000002CB 
              0000062F 
              00000D13 
              000004E8 
              00000079 
              0000027F 
              000008AE 
              000007B4 
              00000261 
              0000026F 



ARM Macro Assembler    Page 22 


              000007BE 
              00000239 
              0000068D 
              0000031D 
              0000007C 
              00000A70 
              00000C09 
              00000CAD 
              00000D1C 
              00000CB8 
              00000B0B 
              00000A1C 
              00000553 
              00000287 
              000008E9 
              00000805 
              000001F2 
              000003F3 
              00000932 
              00000751 
              00000676 
              0000020D 
              00000291 
              000004B0 
              000007B7 
              000003A8 
              000009A5 
              00000535 
              00000634 
              000004CA 
              00000396 
              00000578 
              00000552 
              0000060A 
              000009E1 
              00000B66 
              00000DCA 
              00000E50 
              00000CD7 
              000002CC 
              00000F0F 
              00000B1E 
              00000F50 
              00000CEB 
              00000F8D 
              000009E3 
              00000F86 
              00000579 
              00000FC7 
              00000545 
              00000A5B 
              00000FD3 
              00000336 
              000006A5 
              0000097C 
              0000084D 
              000000D6 
              00000994 
              00000A82 



ARM Macro Assembler    Page 23 


              0000074A 
              00000CF5 
              00000FF4 
              00000E55 
              000010D9 
              00000FB7 
              00000C6C 
              00000A40 
              000009E2 
              000008A1 Search_data
                               DCD              2005,4965,1342,499,1590,2603,35
55,4758,4893,562,4699,4621,824,4554,1871,4594,3853,1513,3693,1235,1319,715,1583
,3347,1256,121,639,2222,1972,609,623,1982,569,1677,797,124,2672,3081,3245,3356,
3256,2827,2588,1363,647,2281,2053,498,1011,2354,1873,1654,525,657,1200,1975,936
,2469,1333,1588,1226,918,1400,1362,1546,2529,2918,3530,3664,3287,716,3855,2846,
3920,3307,3981,2531,3974,1401,4039,1349,2651,4051,822,1701,2428,2125,214,2452,2
690,1866,3317,4084,3669,4313,4023,3180,2624,2530,2209
  136 0000126C         
  137 0000126C 00 00 00 
              00 00 00 
              00 00 00 
              00 00 00 
              00 00 00 
              00 00 00 
              00 00 00 
              00 00 00 
              00 00 00 
              00 00 00 
              00 00 00 
              00 00 00 
              00 00 00 
              00 00 00 
              00 00 00 
              00 00 00 
              00 00 00 
              00 00 00 
              00 00 00 
              00 00 00 
              00 00 00 
              00 00 00 
              00 00 00 
              00 00 00 
              00 00 00 
              00 00 00 
              00 00 00 
              00 00 00 
              00 00 00 
              00 00 00 
              00 00 00 
              00 00 00 
              00 00 00 
              00 00 00 
              00 00 00 
              00 00 00 
              00 00 00 
              00 00 00 
              00 00 00 
              00 00 00 
              00 00 00 



ARM Macro Assembler    Page 24 


              00 00 00 
              00 00 00 
              00 00 00 
              00 00 00 
              00 00 00 
              00 00 00 
              00 00 00 
              00 00 00 
              00 00 00 
              00 00 00 
              00 00 00 
              00 00 00 
              00 00 00 
              00 00 00 
              00 00 00 
              00 00 00 
              00 00 00 
              00 00 00 
              00 00 00 
              00 00 00 
              00 00 00 
              00 00 00 
              00 00 00 
              00 00 00 
              00 00 00 
              00 00    Array_data
                               DCW              0,0,0,0,0,0,0,0,0,0,0,0,0,0,0,0
,0,0,0,0,0,0,0,0,0,0,0,0,0,0,0,0,0,0,0,0,0,0,0,0,0,0,0,0,0,0,0,0,0,0,0,0,0,0,0,
0,0,0,0,0,0,0,0,0,0,0,0,0,0,0,0,0,0,0,0,0,0,0,0,0,0,0,0,0,0,0,0,0,0,0,0,0,0,0,0
,0,0,0,0,0
  138 00001334 00 00 00 
              00 00 00 
              00 00 00 
              00 00 00 
              00 00 00 
              00 00 00 
              00 00 00 
              00 00 00 
              00 00 00 
              00 00 00 
              00 00 00 
              00 00 00 
              00 00 00 
              00 00 00 
              00 00 00 
              00 00 00 
              00 00 00 
              00 00 00 
              00 00 00 
              00 00 00 
              00 00 00 
              00 00 00 
              00 00 00 
              00 00 00 
              00 00 00 
              00 00 00 
              00 00 00 
              00 00 00 
              00 00 00 



ARM Macro Assembler    Page 25 


              00 00 00 
              00 00 00 
              00 00 00 
              00 00 00 
              00 00 00 
              00 00 00 
              00 00 00 
              00 00 00 
              00 00 00 
              00 00 00 
              00 00 00 
              00 00 00 
              00 00 00 
              00 00 00 
              00 00 00 
              00 00 00 
              00 00 00 
              00 00 00 
              00 00 00 
              00 00 00 
              00 00 00 
              00 00 00 
              00 00 00 
              00 00 00 
              00 00 00 
              00 00 00 
              00 00 00 
              00 00 00 
              00 00 00 
              00 00 00 
              00 00 00 
              00 00 00 
              00 00 00 
              00 00 00 
              00 00 00 
              00 00 00 
              00 00 00 
              00 00            DCW              0,0,0,0,0,0,0,0,0,0,0,0,0,0,0,0
,0,0,0,0,0,0,0,0,0,0,0,0,0,0,0,0,0,0,0,0,0,0,0,0,0,0,0,0,0,0,0,0,0,0,0,0,0,0,0,
0,0,0,0,0,0,0,0,0,0,0,0,0,0,0,0,0,0,0,0,0,0,0,0,0,0,0,0,0,0,0,0,0,0,0,0,0,0,0,0
,0,0,0,0,0
  139 000013FC 00 00 00 
              00 00 00 
              00 00 00 
              00 00 00 
              00 00 00 
              00 00 00 
              00 00 00 
              00 00 00 
              00 00 00 
              00 00 00 
              00 00 00 
              00 00 00 
              00 00 00 
              00 00 00 
              00 00 00 
              00 00 00 
              00 00 00 
              00 00 00 



ARM Macro Assembler    Page 26 


              00 00 00 
              00 00 00 
              00 00 00 
              00 00 00 
              00 00 00 
              00 00 00 
              00 00 00 
              00 00 00 
              00 00 00 
              00 00 00 
              00 00 00 
              00 00 00 
              00 00 00 
              00 00 00 
              00 00 00 
              00 00 00 
              00 00 00 
              00 00 00 
              00 00 00 
              00 00 00 
              00 00 00 
              00 00 00 
              00 00 00 
              00 00 00 
              00 00 00 
              00 00 00 
              00 00 00 
              00 00 00 
              00 00 00 
              00 00 00 
              00 00 00 
              00 00 00 
              00 00 00 
              00 00 00 
              00 00 00 
              00 00 00 
              00 00 00 
              00 00 00 
              00 00 00 
              00 00 00 
              00 00 00 
              00 00 00 
              00 00 00 
              00 00 00 
              00 00 00 
              00 00 00 
              00 00 00 
              00 00 00 
              00 00            DCW              0,0,0,0,0,0,0,0,0,0,0,0,0,0,0,0
,0,0,0,0,0,0,0,0,0,0,0,0,0,0,0,0,0,0,0,0,0,0,0,0,0,0,0,0,0,0,0,0,0,0,0,0,0,0,0,
0,0,0,0,0,0,0,0,0,0,0,0,0,0,0,0,0,0,0,0,0,0,0,0,0,0,0,0,0,0,0,0,0,0,0,0,0,0,0,0
,0,0,0,0,0
  140 000014C4 00 00 00 
              00 00 00 
              00 00 00 
              00 00 00 
              00 00 00 
              00 00 00 
              00 00 00 



ARM Macro Assembler    Page 27 


              00 00 00 
              00 00 00 
              00 00 00 
              00 00 00 
              00 00 00 
              00 00 00 
              00 00 00 
              00 00 00 
              00 00 00 
              00 00 00 
              00 00 00 
              00 00 00 
              00 00 00 
              00 00 00 
              00 00 00 
              00 00 00 
              00 00 00 
              00 00 00 
              00 00 00 
              00 00 00 
              00 00 00 
              00 00 00 
              00 00 00 
              00 00 00 
              00 00 00 
              00 00 00 
              00 00 00 
              00 00 00 
              00 00 00 
              00 00 00 
              00 00 00 
              00 00 00 
              00 00 00 
              00 00 00 
              00 00 00 
              00 00 00 
              00 00 00 
              00 00 00 
              00 00 00 
              00 00 00 
              00 00 00 
              00 00 00 
              00 00 00 
              00 00 00 
              00 00 00 
              00 00 00 
              00 00 00 
              00 00 00 
              00 00 00 
              00 00 00 
              00 00 00 
              00 00 00 
              00 00 00 
              00 00 00 
              00 00 00 
              00 00 00 
              00 00 00 
              00 00 00 
              00 00 00 



ARM Macro Assembler    Page 28 


              00 00            DCW              0,0,0,0,0,0,0,0,0,0,0,0,0,0,0,0
,0,0,0,0,0,0,0,0,0,0,0,0,0,0,0,0,0,0,0,0,0,0,0,0,0,0,0,0,0,0,0,0,0,0,0,0,0,0,0,
0,0,0,0,0,0,0,0,0,0,0,0,0,0,0,0,0,0,0,0,0,0,0,0,0,0,0,0,0,0,0,0,0,0,0,0,0,0,0,0
,0,0,0,0,0
  141 0000158C 00 00 00 
              00 00 00 
              00 00 00 
              00 00 00 
              00 00 00 
              00 00 00 
              00 00 00 
              00 00 00 
              00 00 00 
              00 00 00 
              00 00 00 
              00 00 00 
              00 00 00 
              00 00 00 
              00 00 00 
              00 00 00 
              00 00 00 
              00 00 00 
              00 00 00 
              00 00 00 
              00 00 00 
              00 00 00 
              00 00 00 
              00 00 00 
              00 00 00 
              00 00 00 
              00 00 00 
              00 00 00 
              00 00 00 
              00 00 00 
              00 00 00 
              00 00 00 
              00 00 00 
              00 00 00 
              00 00 00 
              00 00 00 
              00 00 00 
              00 00 00 
              00 00 00 
              00 00 00 
              00 00 00 
              00 00 00 
              00 00 00 
              00 00 00 
              00 00 00 
              00 00 00 
              00 00 00 
              00 00 00 
              00 00 00 
              00 00 00 
              00 00 00 
              00 00 00 
              00 00 00 
              00 00 00 
              00 00 00 



ARM Macro Assembler    Page 29 


              00 00 00 
              00 00 00 
              00 00 00 
              00 00 00 
              00 00 00 
              00 00 00 
              00 00 00 
              00 00 00 
              00 00 00 
              00 00 00 
              00 00 00 
              00 00            DCW              0,0,0,0,0,0,0,0,0,0,0,0,0,0,0,0
,0,0,0,0,0,0,0,0,0,0,0,0,0,0,0,0,0,0,0,0,0,0,0,0,0,0,0,0,0,0,0,0,0,0,0,0,0,0,0,
0,0,0,0,0,0,0,0,0,0,0,0,0,0,0,0,0,0,0,0,0,0,0,0,0,0,0,0,0,0,0,0,0,0,0,0,0,0,0,0
,0,0,0,0,0
  142 00001654 00 00 00 
              00 00 00 
              00 00 00 
              00 00 00 
              00 00 00 
              00 00 00 
              00 00 00 
              00 00 00 
              00 00 00 
              00 00 00 
              00 00 00 
              00 00 00 
              00 00 00 
              00 00 00 
              00 00 00 
              00 00 00 
              00 00 00 
              00 00 00 
              00 00 00 
              00 00 00 
              00 00 00 
              00 00 00 
              00 00 00 
              00 00 00 
              00 00 00 
              00 00 00 
              00 00 00 
              00 00 00 
              00 00 00 
              00 00 00 
              00 00 00 
              00 00 00 
              00 00 00 
              00 00 00 
              00 00 00 
              00 00 00 
              00 00 00 
              00 00 00 
              00 00 00 
              00 00 00 
              00 00 00 
              00 00 00 
              00 00 00 
              00 00 00 



ARM Macro Assembler    Page 30 


              00 00 00 
              00 00 00 
              00 00 00 
              00 00 00 
              00 00 00 
              00 00 00 
              00 00 00 
              00 00 00 
              00 00 00 
              00 00 00 
              00 00 00 
              00 00 00 
              00 00 00 
              00 00 00 
              00 00 00 
              00 00 00 
              00 00 00 
              00 00 00 
              00 00 00 
              00 00 00 
              00 00 00 
              00 00 00 
              00 00            DCW              0,0,0,0,0,0,0,0,0,0,0,0,0,0,0,0
,0,0,0,0,0,0,0,0,0,0,0,0,0,0,0,0,0,0,0,0,0,0,0,0,0,0,0,0,0,0,0,0,0,0,0,0,0,0,0,
0,0,0,0,0,0,0,0,0,0,0,0,0,0,0,0,0,0,0,0,0,0,0,0,0,0,0,0,0,0,0,0,0,0,0,0,0,0,0,0
,0,0,0,0,0
  143 0000171C 00 00 00 
              00 00 00 
              00 00 00 
              00 00 00 
              00 00 00 
              00 00 00 
              00 00 00 
              00 00 00 
              00 00 00 
              00 00 00 
              00 00 00 
              00 00 00 
              00 00 00 
              00 00 00 
              00 00 00 
              00 00 00 
              00 00 00 
              00 00 00 
              00 00 00 
              00 00 00 
              00 00 00 
              00 00 00 
              00 00 00 
              00 00 00 
              00 00 00 
              00 00 00 
              00 00 00 
              00 00 00 
              00 00 00 
              00 00 00 
              00 00 00 
              00 00 00 
              00 00 00 



ARM Macro Assembler    Page 31 


              00 00 00 
              00 00 00 
              00 00 00 
              00 00 00 
              00 00 00 
              00 00 00 
              00 00 00 
              00 00 00 
              00 00 00 
              00 00 00 
              00 00 00 
              00 00 00 
              00 00 00 
              00 00 00 
              00 00 00 
              00 00 00 
              00 00 00 
              00 00 00 
              00 00 00 
              00 00 00 
              00 00 00 
              00 00 00 
              00 00 00 
              00 00 00 
              00 00 00 
              00 00 00 
              00 00 00 
              00 00 00 
              00 00 00 
              00 00 00 
              00 00 00 
              00 00 00 
              00 00 00 
              00 00            DCW              0,0,0,0,0,0,0,0,0,0,0,0,0,0,0,0
,0,0,0,0,0,0,0,0,0,0,0,0,0,0,0,0,0,0,0,0,0,0,0,0,0,0,0,0,0,0,0,0,0,0,0,0,0,0,0,
0,0,0,0,0,0,0,0,0,0,0,0,0,0,0,0,0,0,0,0,0,0,0,0,0,0,0,0,0,0,0,0,0,0,0,0,0,0,0,0
,0,0,0,0,0
  144 000017E4 00 00 00 
              00 00 00 
              00 00 00 
              00 00 00 
              00 00 00 
              00 00 00 
              00 00 00 
              00 00 00 
              00 00 00 
              00 00 00 
              00 00 00 
              00 00 00 
              00 00 00 
              00 00 00 
              00 00 00 
              00 00 00 
              00 00 00 
              00 00 00 
              00 00 00 
              00 00 00 
              00 00 00 
              00 00 00 



ARM Macro Assembler    Page 32 


              00 00 00 
              00 00 00 
              00 00 00 
              00 00 00 
              00 00 00 
              00 00 00 
              00 00 00 
              00 00 00 
              00 00 00 
              00 00 00 
              00 00 00 
              00 00 00 
              00 00 00 
              00 00 00 
              00 00 00 
              00 00 00 
              00 00 00 
              00 00 00 
              00 00 00 
              00 00 00 
              00 00 00 
              00 00 00 
              00 00 00 
              00 00 00 
              00 00 00 
              00 00 00 
              00 00 00 
              00 00 00 
              00 00 00 
              00 00 00 
              00 00 00 
              00 00 00 
              00 00 00 
              00 00 00 
              00 00 00 
              00 00 00 
              00 00 00 
              00 00 00 
              00 00 00 
              00 00 00 
              00 00 00 
              00 00 00 
              00 00 00 
              00 00 00 
              00 00            DCW              0,0,0,0,0,0,0,0,0,0,0,0,0,0,0,0
,0,0,0,0,0,0,0,0,0,0,0,0,0,0,0,0,0,0,0,0,0,0,0,0,0,0,0,0,0,0,0,0,0,0,0,0,0,0,0,
0,0,0,0,0,0,0,0,0,0,0,0,0,0,0,0,0,0,0,0,0,0,0,0,0,0,0,0,0,0,0,0,0,0,0,0,0,0,0,0
,0,0,0,0,0
  145 000018AC 00 00 00 
              00 00 00 
              00 00 00 
              00 00 00 
              00 00 00 
              00 00 00 
              00 00 00 
              00 00 00 
              00 00 00 
              00 00 00 
              00 00 00 



ARM Macro Assembler    Page 33 


              00 00 00 
              00 00 00 
              00 00 00 
              00 00 00 
              00 00 00 
              00 00 00 
              00 00 00 
              00 00 00 
              00 00 00 
              00 00 00 
              00 00 00 
              00 00 00 
              00 00 00 
              00 00 00 
              00 00 00 
              00 00 00 
              00 00 00 
              00 00 00 
              00 00 00 
              00 00 00 
              00 00 00 
              00 00 00 
              00 00 00 
              00 00 00 
              00 00 00 
              00 00 00 
              00 00 00 
              00 00 00 
              00 00 00 
              00 00 00 
              00 00 00 
              00 00 00 
              00 00 00 
              00 00 00 
              00 00 00 
              00 00 00 
              00 00 00 
              00 00 00 
              00 00 00 
              00 00 00 
              00 00 00 
              00 00 00 
              00 00 00 
              00 00 00 
              00 00 00 
              00 00 00 
              00 00 00 
              00 00 00 
              00 00 00 
              00 00 00 
              00 00 00 
              00 00 00 
              00 00 00 
              00 00 00 
              00 00 00 
              00 00            DCW              0,0,0,0,0,0,0,0,0,0,0,0,0,0,0,0
,0,0,0,0,0,0,0,0,0,0,0,0,0,0,0,0,0,0,0,0,0,0,0,0,0,0,0,0,0,0,0,0,0,0,0,0,0,0,0,
0,0,0,0,0,0,0,0,0,0,0,0,0,0,0,0,0,0,0,0,0,0,0,0,0,0,0,0,0,0,0,0,0,0,0,0,0,0,0,0
,0,0,0,0,0



ARM Macro Assembler    Page 34 


  146 00001974 00 00 00 
              00 00 00 
              00 00 00 
              00 00 00 
              00 00 00 
              00 00 00 
              00 00 00 
              00 00 00 
              00 00 00 
              00 00 00 
              00 00 00 
              00 00 00 
              00 00 00 
              00 00 00 
              00 00 00 
              00 00 00 
              00 00 00 
              00 00 00 
              00 00 00 
              00 00 00 
              00 00 00 
              00 00 00 
              00 00 00 
              00 00 00 
              00 00 00 
              00 00 00 
              00 00 00 
              00 00 00 
              00 00 00 
              00 00 00 
              00 00 00 
              00 00 00 
              00 00 00 
              00 00 00 
              00 00 00 
              00 00 00 
              00 00 00 
              00 00 00 
              00 00 00 
              00 00 00 
              00 00 00 
              00 00 00 
              00 00 00 
              00 00 00 
              00 00 00 
              00 00 00 
              00 00 00 
              00 00 00 
              00 00 00 
              00 00 00 
              00 00 00 
              00 00 00 
              00 00 00 
              00 00 00 
              00 00 00 
              00 00 00 
              00 00 00 
              00 00 00 
              00 00 00 



ARM Macro Assembler    Page 35 


              00 00 00 
              00 00 00 
              00 00 00 
              00 00 00 
              00 00 00 
              00 00 00 
              00 00 00 
              00 00            DCW              0,0,0,0,0,0,0,0,0,0,0,0,0,0,0,0
,0,0,0,0,0,0,0,0,0,0,0,0,0,0,0,0,0,0,0,0,0,0,0,0,0,0,0,0,0,0,0,0,0,0,0,0,0,0,0,
0,0,0,0,0,0,0,0,0,0,0,0,0,0,0,0,0,0,0,0,0,0,0,0,0,0,0,0,0,0,0,0,0,0,0,0,0,0,0,0
,0,0,0,0,0
  147 00001A3C         
  148 00001A3C                 END
Command Line: --debug --xref --cpu=ARM9E --apcs=interwork --depend=.\project.d 
-o.\project.o -IC:\Keil\ARM\RV31\INC -IC:\Keil\ARM\CMSIS\Include --predefine="_
_EVAL SETA 1" --list=.\project.lst project.s



ARM Macro Assembler    Page 1 Alphabetic symbol ordering
Relocatable symbols

Address1 00000120

Symbol: Address1
   Definitions
      At line 115 in file project.s
   Uses
      At line 76 in file project.s
Comment: Address1 used once
Array_data 0000126C

Symbol: Array_data
   Definitions
      At line 137 in file project.s
   Uses
      At line 6 in file project.s
      At line 75 in file project.s

Bandwidth 00000138

Symbol: Bandwidth
   Definitions
      At line 121 in file project.s
   Uses
      None
Comment: Bandwidth unused
CopySorted 00000080

Symbol: CopySorted
   Definitions
      At line 56 in file project.s
   Uses
      At line 71 in file project.s
Comment: CopySorted used once
Endline 0000011C

Symbol: Endline
   Definitions
      At line 112 in file project.s
   Uses
      None
Comment: Endline unused
Endloop3 00000064

Symbol: Endloop3
   Definitions
      At line 45 in file project.s
   Uses
      At line 20 in file project.s
Comment: Endloop3 used once
Endloop4 00000054

Symbol: Endloop4
   Definitions
      At line 39 in file project.s
   Uses
      At line 28 in file project.s
      At line 32 in file project.s

Endloop6 00000110



ARM Macro Assembler    Page 2 Alphabetic symbol ordering
Relocatable symbols


Symbol: Endloop6
   Definitions
      At line 107 in file project.s
   Uses
      At line 98 in file project.s
Comment: Endloop6 used once
Length 00000134

Symbol: Length
   Definitions
      At line 118 in file project.s
   Uses
      At line 8 in file project.s
      At line 83 in file project.s

Project 00000000

Symbol: Project
   Definitions
      At line 1 in file project.s
   Uses
      None
Comment: Project unused
Random_data 0000013C

Symbol: Random_data
   Definitions
      At line 124 in file project.s
   Uses
      At line 5 in file project.s
Comment: Random_data used once
Search 000000B8

Symbol: Search
   Definitions
      At line 73 in file project.s
   Uses
      None
Comment: Search unused
Search_data 000010DC

Symbol: Search_data
   Definitions
      At line 135 in file project.s
   Uses
      At line 74 in file project.s
Comment: Search_data used once
loop1 00000014

Symbol: loop1
   Definitions
      At line 12 in file project.s
   Uses
      At line 52 in file project.s
Comment: loop1 used once
loop2 00000018

Symbol: loop2



ARM Macro Assembler    Page 3 Alphabetic symbol ordering
Relocatable symbols

   Definitions
      At line 15 in file project.s
   Uses
      At line 48 in file project.s
Comment: loop2 used once
loop3 0000001C

Symbol: loop3
   Definitions
      At line 18 in file project.s
   Uses
      At line 43 in file project.s
Comment: loop3 used once
loop4 00000030

Symbol: loop4
   Definitions
      At line 26 in file project.s
   Uses
      At line 37 in file project.s
Comment: loop4 used once
loop5 000000C8

Symbol: loop5
   Definitions
      At line 79 in file project.s
   Uses
      At line 110 in file project.s
Comment: loop5 used once
loop6 000000D4

Symbol: loop6
   Definitions
      At line 85 in file project.s
   Uses
      At line 105 in file project.s
Comment: loop6 used once
start 00000000

Symbol: start
   Definitions
      At line 4 in file project.s
   Uses
      None
Comment: start unused
20 symbols
353 symbols in table
